Started at Sat Jul 23 16:09:19 UTC 2022
Processing bakcup_mysql
Offering bakcup_mysql to Project Build Discarder
Processing firstJob
Offering firstJob to Project Build Discarder
Finished at Sat Jul 23 16:09:19 UTC 2022. 163ms
Started at Sat Jul 23 16:54:00 UTC 2022
Processing bakcup_mysql
Offering bakcup_mysql to Project Build Discarder
Processing firstJob
Offering firstJob to Project Build Discarder
Finished at Sat Jul 23 16:54:00 UTC 2022. 20ms
Started at Sat Jul 23 18:05:35 UTC 2022
Processing bakcup_mysql
Offering bakcup_mysql to Project Build Discarder
Processing firstJob
Offering firstJob to Project Build Discarder
Finished at Sat Jul 23 18:05:35 UTC 2022. 32ms
Started at Sat Jul 23 18:53:55 UTC 2022
Processing bakcup_mysql
Offering bakcup_mysql to Project Build Discarder
Processing firstJob
Offering firstJob to Project Build Discarder
Finished at Sat Jul 23 18:53:55 UTC 2022. 17ms
